Intermediate/Android/arm64/gradle/app/build/intermediates/manifest_merge_blame_file/debug/manifest-merger-blame-debug-report.txt
1<?xml version="1.0" encoding="utf-8"?>
2<manifest xmlns:android="http://schemas.android.com/apk/res/android"
3    package="com.vericu.scrabbleveric"
4    android:installLocation="internalOnly"
5    android:versionCode="1"
6    android:versionName="1.0" >
7
8    <uses-sdk
9        android:minSdkVersion="21"
9-->src\main\AndroidManifest.xml
10        android:targetSdkVersion="28" />
10-->src\main\AndroidManifest.xml
11    <!-- Requirements -->
12    <uses-feature
12-->src\main\AndroidManifest.xml:48:3-76
13        android:glEsVersion="0x00030001"
13-->src\main\AndroidManifest.xml:48:17-49
14        android:required="true" />
14-->src\main\AndroidManifest.xml:48:50-73
15
16    <uses-permission android:name="android.permission.INTERNET" />
16-->src\main\AndroidManifest.xml:49:3-65
16-->src\main\AndroidManifest.xml:49:20-62
17    <uses-permission android:name="android.permission.WRITE_EXTERNAL_STORAGE" />
17-->src\main\AndroidManifest.xml:50:3-79
17-->src\main\AndroidManifest.xml:50:20-76
18    <uses-permission android:name="android.permission.ACCESS_NETWORK_STATE" />
18-->src\main\AndroidManifest.xml:51:3-77
18-->src\main\AndroidManifest.xml:51:20-74
19    <uses-permission android:name="android.permission.WAKE_LOCK" />
19-->src\main\AndroidManifest.xml:52:3-66
19-->src\main\AndroidManifest.xml:52:20-63
20    <uses-permission android:name="com.android.vending.CHECK_LICENSE" />
20-->src\main\AndroidManifest.xml:53:3-71
20-->src\main\AndroidManifest.xml:53:20-68
21    <uses-permission android:name="android.permission.ACCESS_WIFI_STATE" />
21-->src\main\AndroidManifest.xml:54:3-74
21-->src\main\AndroidManifest.xml:54:20-71
22    <uses-permission android:name="android.permission.MODIFY_AUDIO_SETTINGS" />
22-->src\main\AndroidManifest.xml:55:3-78
22-->src\main\AndroidManifest.xml:55:20-75
23    <uses-permission android:name="android.permission.VIBRATE" />
23-->src\main\AndroidManifest.xml:56:3-64
23-->src\main\AndroidManifest.xml:56:20-61
24    <uses-permission android:name="com.android.vending.BILLING" />
24-->src\main\AndroidManifest.xml:57:3-65
24-->src\main\AndroidManifest.xml:57:20-62
25    <!-- Application Definition -->
26    <application
26-->src\main\AndroidManifest.xml:3:3-46:17
27        android:name="com.epicgames.ue4.GameApplication"
27-->src\main\AndroidManifest.xml:3:147-195
28        android:appComponentFactory="androidx.core.app.CoreComponentFactory"
28-->[androidx.core:core:1.0.0] AndroidManifest.xml:22:18-86
29        android:debuggable="true"
30        android:extractNativeLibs="true"
30-->src\main\AndroidManifest.xml:3:114-146
31        android:hardwareAccelerated="true"
31-->src\main\AndroidManifest.xml:3:79-113
32        android:hasCode="true"
32-->src\main\AndroidManifest.xml:3:240-262
33        android:icon="@drawable/icon"
33-->src\main\AndroidManifest.xml:3:49-78
34        android:label="@string/app_name"
34-->src\main\AndroidManifest.xml:3:16-48
35        android:requestLegacyExternalStorage="true" >
35-->src\main\AndroidManifest.xml:3:196-239
36        <activity
36-->src\main\AndroidManifest.xml:4:5-9:16
37            android:name="com.epicgames.ue4.SplashActivity"
37-->src\main\AndroidManifest.xml:4:15-62
38            android:debuggable="true"
38-->src\main\AndroidManifest.xml:4:210-235
39            android:label="@string/app_name"
39-->src\main\AndroidManifest.xml:4:63-95
40            android:launchMode="singleTask"
40-->src\main\AndroidManifest.xml:4:134-165
41            android:screenOrientation="sensorLandscape"
41-->src\main\AndroidManifest.xml:4:166-209
42            android:theme="@style/UE4SplashTheme" >
42-->src\main\AndroidManifest.xml:4:96-133
43            <intent-filter>
43-->src\main\AndroidManifest.xml:5:7-8:23
44                <action android:name="android.intent.action.MAIN" />
44-->src\main\AndroidManifest.xml:6:9-61
44-->src\main\AndroidManifest.xml:6:17-58
45
46                <category android:name="android.intent.category.LAUNCHER" />
46-->src\main\AndroidManifest.xml:7:9-69
46-->src\main\AndroidManifest.xml:7:19-66
47            </intent-filter>
48        </activity>
49        <activity
49-->src\main\AndroidManifest.xml:10:5-12:16
50            android:name="com.epicgames.ue4.GameActivity"
50-->src\main\AndroidManifest.xml:10:15-60
51            android:configChanges="mcc|mnc|uiMode|density|screenSize|smallestScreenSize|screenLayout|orientation|keyboardHidden|keyboard"
51-->src\main\AndroidManifest.xml:10:132-257
52            android:debuggable="true"
52-->src\main\AndroidManifest.xml:10:369-394
53            android:label="@string/app_name"
53-->src\main\AndroidManifest.xml:10:61-93
54            android:launchMode="singleTask"
54-->src\main\AndroidManifest.xml:10:293-324
55            android:resizeableActivity="false"
55-->src\main\AndroidManifest.xml:10:258-292
56            android:screenOrientation="sensorLandscape"
56-->src\main\AndroidManifest.xml:10:325-368
57            android:theme="@style/UE4SplashTheme" >
57-->src\main\AndroidManifest.xml:10:94-131
58            <meta-data
58-->src\main\AndroidManifest.xml:11:7-76
59                android:name="android.app.lib_name"
59-->src\main\AndroidManifest.xml:11:18-53
60                android:value="UE4" />
60-->src\main\AndroidManifest.xml:11:54-73
61        </activity>
62        <activity
62-->src\main\AndroidManifest.xml:13:5-228
63            android:name="com.vericu.scrabbleveric.DownloaderActivity"
63-->src\main\AndroidManifest.xml:13:15-49
64            android:configChanges="mcc|mnc|uiMode|density|screenSize|orientation|keyboardHidden|keyboard"
64-->src\main\AndroidManifest.xml:13:94-187
65            android:screenOrientation="sensorLandscape"
65-->src\main\AndroidManifest.xml:13:50-93
66            android:theme="@style/UE4SplashTheme" />
66-->src\main\AndroidManifest.xml:13:188-225
67
68        <meta-data
68-->src\main\AndroidManifest.xml:14:5-101
69            android:name="com.epicgames.ue4.GameActivity.EngineVersion"
69-->src\main\AndroidManifest.xml:14:16-75
70            android:value="4.27.2" />
70-->src\main\AndroidManifest.xml:14:76-98
71        <meta-data
71-->src\main\AndroidManifest.xml:15:5-112
72            android:name="com.epicgames.ue4.GameActivity.EngineBranch"
72-->src\main\AndroidManifest.xml:15:16-74
73            android:value="++UE4+Release-4.27" />
73-->src\main\AndroidManifest.xml:15:75-109
74        <meta-data
74-->src\main\AndroidManifest.xml:16:5-103
75            android:name="com.epicgames.ue4.GameActivity.ProjectVersion"
75-->src\main\AndroidManifest.xml:16:16-76
76            android:value="1.0.0.0" />
76-->src\main\AndroidManifest.xml:16:77-100
77        <meta-data
77-->src\main\AndroidManifest.xml:17:5-104
78            android:name="com.epicgames.ue4.GameActivity.DepthBufferPreference"
78-->src\main\AndroidManifest.xml:17:16-83
79            android:value="0" />
79-->src\main\AndroidManifest.xml:17:84-101
80        <meta-data
80-->src\main\AndroidManifest.xml:18:5-107
81            android:name="com.epicgames.ue4.GameActivity.bPackageDataInsideApk"
81-->src\main\AndroidManifest.xml:18:16-83
82            android:value="true" />
82-->src\main\AndroidManifest.xml:18:84-104
83        <meta-data
83-->src\main\AndroidManifest.xml:19:5-106
84            android:name="com.epicgames.ue4.GameActivity.bVerifyOBBOnStartUp"
84-->src\main\AndroidManifest.xml:19:16-81
85            android:value="false" />
85-->src\main\AndroidManifest.xml:19:82-103
86        <meta-data
86-->src\main\AndroidManifest.xml:20:5-99
87            android:name="com.epicgames.ue4.GameActivity.bShouldHideUI"
87-->src\main\AndroidManifest.xml:20:16-75
88            android:value="true" />
88-->src\main\AndroidManifest.xml:20:76-96
89        <meta-data
89-->src\main\AndroidManifest.xml:21:5-111
90            android:name="com.epicgames.ue4.GameActivity.ProjectName"
90-->src\main\AndroidManifest.xml:21:16-73
91            android:value="Scrabble_Last_Hope" />
91-->src\main\AndroidManifest.xml:21:74-108
92        <meta-data
92-->src\main\AndroidManifest.xml:22:5-89
93            android:name="com.epicgames.ue4.GameActivity.AppType"
93-->src\main\AndroidManifest.xml:22:16-69
94            android:value="" />
94-->src\main\AndroidManifest.xml:22:70-86
95        <meta-data
95-->src\main\AndroidManifest.xml:23:5-98
96            android:name="com.epicgames.ue4.GameActivity.bHasOBBFiles"
96-->src\main\AndroidManifest.xml:23:16-74
97            android:value="true" />
97-->src\main\AndroidManifest.xml:23:75-95
98        <meta-data
98-->src\main\AndroidManifest.xml:24:5-108
99            android:name="com.epicgames.ue4.GameActivity.BuildConfiguration"
99-->src\main\AndroidManifest.xml:24:16-80
100            android:value="Shipping" />
100-->src\main\AndroidManifest.xml:24:81-105
101        <meta-data
101-->src\main\AndroidManifest.xml:25:5-108
102            android:name="com.epicgames.ue4.GameActivity.CookedFlavors"
102-->src\main\AndroidManifest.xml:25:16-75
103            android:value="ETC2,DXT,ASTC" />
103-->src\main\AndroidManifest.xml:25:76-105
104        <meta-data
104-->src\main\AndroidManifest.xml:26:5-109
105            android:name="com.epicgames.ue4.GameActivity.bValidateTextureFormats"
105-->src\main\AndroidManifest.xml:26:16-85
106            android:value="true" />
106-->src\main\AndroidManifest.xml:26:86-106
107        <meta-data
107-->src\main\AndroidManifest.xml:27:5-107
108            android:name="com.epicgames.ue4.GameActivity.bUseExternalFilesDir"
108-->src\main\AndroidManifest.xml:27:16-82
109            android:value="false" />
109-->src\main\AndroidManifest.xml:27:83-104
110        <meta-data
110-->src\main\AndroidManifest.xml:28:5-102
111            android:name="com.epicgames.ue4.GameActivity.bPublicLogFiles"
111-->src\main\AndroidManifest.xml:28:16-77
112            android:value="false" />
112-->src\main\AndroidManifest.xml:28:78-99
113        <meta-data
113-->src\main\AndroidManifest.xml:29:5-104
114            android:name="com.epicgames.ue4.GameActivity.bUseDisplayCutout"
114-->src\main\AndroidManifest.xml:29:16-79
115            android:value="false" />
115-->src\main\AndroidManifest.xml:29:80-101
116        <meta-data
116-->src\main\AndroidManifest.xml:30:5-96
117            android:name="com.epicgames.ue4.GameActivity.bAllowIMU"
117-->src\main\AndroidManifest.xml:30:16-71
118            android:value="false" />
118-->src\main\AndroidManifest.xml:30:72-93
119        <meta-data
119-->src\main\AndroidManifest.xml:31:5-102
120            android:name="com.epicgames.ue4.GameActivity.bSupportsVulkan"
120-->src\main\AndroidManifest.xml:31:16-77
121            android:value="false" />
121-->src\main\AndroidManifest.xml:31:78-99
122        <meta-data
122-->src\main\AndroidManifest.xml:32:5-141
123            android:name="com.epicgames.ue4.GameActivity.StartupPermissions"
123-->src\main\AndroidManifest.xml:32:16-80
124            android:value="android.permission.WRITE_EXTERNAL_STORAGE" />
124-->src\main\AndroidManifest.xml:32:81-138
125        <meta-data
125-->src\main\AndroidManifest.xml:33:5-100
126            android:name="com.google.android.gms.games.APP_ID"
126-->src\main\AndroidManifest.xml:33:16-66
127            android:value="@string/app_id" />
127-->src\main\AndroidManifest.xml:33:67-97
128        <meta-data
128-->src\main\AndroidManifest.xml:34:5-118
129            android:name="com.google.android.gms.version"
129-->src\main\AndroidManifest.xml:34:16-61
130            android:value="@integer/google_play_services_version" />
130-->src\main\AndroidManifest.xml:34:62-115
131
132        <activity
132-->src\main\AndroidManifest.xml:35:5-180
133            android:name="com.google.android.gms.ads.AdActivity"
133-->src\main\AndroidManifest.xml:35:15-67
134            android:configChanges="keyboard|keyboardHidden|orientation|screenLayout|uiMode|screenSize|smallestScreenSize" />
134-->src\main\AndroidManifest.xml:35:68-177
135
136        <service android:name="com.vericu.scrabbleveric.OBBDownloaderService" />
136-->src\main\AndroidManifest.xml:36:5-52
136-->src\main\AndroidManifest.xml:36:14-49
137
138        <receiver android:name="com.vericu.scrabbleveric.AlarmReceiver" />
138-->src\main\AndroidManifest.xml:37:5-46
138-->src\main\AndroidManifest.xml:37:15-43
139        <receiver android:name="com.epicgames.ue4.LocalNotificationReceiver" />
139-->src\main\AndroidManifest.xml:38:5-76
139-->src\main\AndroidManifest.xml:38:15-73
140        <receiver
140-->src\main\AndroidManifest.xml:39:5-43:16
141            android:name="com.epicgames.ue4.MulticastBroadcastReceiver"
141-->src\main\AndroidManifest.xml:39:15-74
142            android:exported="true" >
142-->src\main\AndroidManifest.xml:39:75-98
143            <intent-filter>
143-->src\main\AndroidManifest.xml:40:7-42:23
144                <action android:name="com.android.vending.INSTALL_REFERRER" />
144-->src\main\AndroidManifest.xml:41:9-71
144-->src\main\AndroidManifest.xml:41:17-68
145            </intent-filter>
146        </receiver>
147
148        <meta-data
148-->src\main\AndroidManifest.xml:44:5-79
149            android:name="android.max_aspect"
149-->src\main\AndroidManifest.xml:44:16-49
150            android:value="1777000.00" />
150-->src\main\AndroidManifest.xml:44:50-76
151        <meta-data
151-->src\main\AndroidManifest.xml:45:5-83
152            android:name="com.oculus.supportedDevices"
152-->src\main\AndroidManifest.xml:45:16-58
153            android:value="quest" />
153-->src\main\AndroidManifest.xml:45:59-80
154
155        <activity
155-->[com.google.android.gms:play-services-auth:11.8.0] AndroidManifest.xml:23:9-27:75
156            android:name="com.google.android.gms.auth.api.signin.internal.SignInHubActivity"
156-->[com.google.android.gms:play-services-auth:11.8.0] AndroidManifest.xml:24:13-93
157            android:excludeFromRecents="true"
157-->[com.google.android.gms:play-services-auth:11.8.0] AndroidManifest.xml:25:13-46
158            android:exported="false"
158-->[com.google.android.gms:play-services-auth:11.8.0] AndroidManifest.xml:26:13-37
159            android:theme="@android:style/Theme.Translucent.NoTitleBar" />
159-->[com.google.android.gms:play-services-auth:11.8.0] AndroidManifest.xml:27:13-72
160        <!--
161            Service handling Google Sign-In user revocation. For apps that do not integrate with
162            Google Sign-In, this service will never be started.
163        -->
164        <service
164-->[com.google.android.gms:play-services-auth:11.8.0] AndroidManifest.xml:33:9-36:110
165            android:name="com.google.android.gms.auth.api.signin.RevocationBoundService"
165-->[com.google.android.gms:play-services-auth:11.8.0] AndroidManifest.xml:34:13-89
166            android:exported="true"
166-->[com.google.android.gms:play-services-auth:11.8.0] AndroidManifest.xml:35:13-36
167            android:permission="com.google.android.gms.auth.api.signin.permission.REVOCATION_NOTIFICATION" />
167-->[com.google.android.gms:play-services-auth:11.8.0] AndroidManifest.xml:36:13-107
168
169        <meta-data
169-->[com.android.billingclient:billing:3.0.0] AndroidManifest.xml:13:9-15:37
170            android:name="com.google.android.play.billingclient.version"
170-->[com.android.billingclient:billing:3.0.0] AndroidManifest.xml:14:13-73
171            android:value="3.0.0" />
171-->[com.android.billingclient:billing:3.0.0] AndroidManifest.xml:15:13-34
172
173        <activity
173-->[com.android.billingclient:billing:3.0.0] AndroidManifest.xml:17:9-20:75
174            android:name="com.android.billingclient.api.ProxyBillingActivity"
174-->[com.android.billingclient:billing:3.0.0] AndroidManifest.xml:18:13-78
175            android:configChanges="keyboard|keyboardHidden|screenLayout|screenSize|orientation"
175-->[com.android.billingclient:billing:3.0.0] AndroidManifest.xml:19:13-96
176            android:theme="@android:style/Theme.Translucent.NoTitleBar" />
176-->[com.android.billingclient:billing:3.0.0] AndroidManifest.xml:20:13-72
177        <activity
177-->[com.google.android.gms:play-services-base:11.8.0] AndroidManifest.xml:23:9-26:75
178            android:name="com.google.android.gms.common.api.GoogleApiActivity"
178-->[com.google.android.gms:play-services-base:11.8.0] AndroidManifest.xml:24:13-79
179            android:exported="false"
179-->[com.google.android.gms:play-services-base:11.8.0] AndroidManifest.xml:25:13-37
180            android:theme="@android:style/Theme.Translucent.NoTitleBar" />
180-->[com.google.android.gms:play-services-base:11.8.0] AndroidManifest.xml:26:13-72
181
182        <provider
182-->[androidx.lifecycle:lifecycle-process:2.0.0] AndroidManifest.xml:23:9-27:43
183            android:name="androidx.lifecycle.ProcessLifecycleOwnerInitializer"
183-->[androidx.lifecycle:lifecycle-process:2.0.0] AndroidManifest.xml:24:13-79
184            android:authorities="com.vericu.scrabbleveric.lifecycle-process"
184-->[androidx.lifecycle:lifecycle-process:2.0.0] AndroidManifest.xml:25:13-69
185            android:exported="false"
185-->[androidx.lifecycle:lifecycle-process:2.0.0] AndroidManifest.xml:26:13-37
186            android:multiprocess="true" />
186-->[androidx.lifecycle:lifecycle-process:2.0.0] AndroidManifest.xml:27:13-40
187    </application>
188
189</manifest>